<?xml version="1.0" encoding="UTF-8"?>
<testsuite name="com.flashtract.nativapps.flashtract.modules.invoice.api.rest.InvoiceWebApiTest" tests="2" skipped="0" failures="0" errors="0" timestamp="2020-11-29T01:48:11" hostname="danielMac.local" time="0.023">
  <properties/>
  <testcase name="getInvoiceByInvoiceNumberTestException()" classname="com.flashtract.nativapps.flashtract.modules.invoice.api.rest.InvoiceWebApiTest" time="0.021"/>
  <testcase name="getInvoiceByInvoiceNumberTest()" classname="com.flashtract.nativapps.flashtract.modules.invoice.api.rest.InvoiceWebApiTest" time="0.002"/>
  <system-out><![CDATA[2020-11-28 20:48:11.628  INFO 81344 --- [    Test worker] c.f.n.f.m.i.api.rest.InvoiceWebApi       : web-api: Searching for all contracts
2020-11-28 20:48:11.628 ERROR 81344 --- [    Test worker] c.f.n.f.m.i.api.rest.InvoiceWebApi       : web-api: There was an error searching contracts
2020-11-28 20:48:11.637  INFO 81344 --- [    Test worker] c.f.n.f.m.i.api.rest.InvoiceWebApi       : web-api: Searching for all contracts
]]></system-out>
  <system-err><![CDATA[]]></system-err>
</testsuite>
