<?xml version="1.0" encoding="UTF-8"?>
<testsuite name="com.flashtract.nativapps.flashtract.modules.invoice.usecase.InvoiceManagerTest" tests="2" skipped="0" failures="0" errors="0" timestamp="2020-11-29T01:48:11" hostname="danielMac.local" time="0.028">
  <properties/>
  <testcase name="createInvoiceTest()" classname="com.flashtract.nativapps.flashtract.modules.invoice.usecase.InvoiceManagerTest" time="0.025"/>
  <testcase name="createInvoiceTestExceptionBusiness()" classname="com.flashtract.nativapps.flashtract.modules.invoice.usecase.InvoiceManagerTest" time="0.003"/>
  <system-out><![CDATA[]]></system-out>
  <system-err><![CDATA[]]></system-err>
</testsuite>
