<?xml version="1.0" encoding="UTF-8"?>
<testsuite name="com.flashtract.nativapps.flashtract.FlashtractPortalApplicationTests" tests="1" skipped="0" failures="0" errors="0" timestamp="2020-11-29T01:48:11" hostname="danielMac.local" time="0.102">
  <properties/>
  <testcase name="contextLoads()" classname="com.flashtract.nativapps.flashtract.FlashtractPortalApplicationTests" time="0.102"/>
  <system-out><![CDATA[20:48:06.555 [Test worker] DEBUG org.springframework.test.context.BootstrapUtils - Instantiating CacheAwareContextLoaderDelegate from class [org.springframework.test.context.cache.DefaultCacheAwareContextLoaderDelegate]
20:48:06.570 [Test worker] DEBUG org.springframework.test.context.BootstrapUtils - Instantiating BootstrapContext using constructor [public org.springframework.test.context.support.DefaultBootstrapContext(java.lang.Class,org.springframework.test.context.CacheAwareContextLoaderDelegate)]
20:48:06.603 [Test worker] DEBUG org.springframework.test.context.BootstrapUtils - Instantiating TestContextBootstrapper for test class [com.flashtract.nativapps.flashtract.FlashtractPortalApplicationTests] from class [org.springframework.boot.test.context.SpringBootTestContextBootstrapper]
20:48:06.613 [Test worker] INFO org.springframework.boot.test.context.SpringBootTestContextBootstrapper - Neither @ContextConfiguration nor @ContextHierarchy found for test class [com.flashtract.nativapps.flashtract.FlashtractPortalApplicationTests], using SpringBootContextLoader
20:48:06.624 [Test worker] DEBUG org.springframework.test.context.support.AbstractContextLoader - Did not detect default resource location for test class [com.flashtract.nativapps.flashtract.FlashtractPortalApplicationTests]: class path resource [com/flashtract/nativapps/flashtract/FlashtractPortalApplicationTests-context.xml] does not exist
20:48:06.624 [Test worker] DEBUG org.springframework.test.context.support.AbstractContextLoader - Did not detect default resource location for test class [com.flashtract.nativapps.flashtract.FlashtractPortalApplicationTests]: class path resource [com/flashtract/nativapps/flashtract/FlashtractPortalApplicationTestsContext.groovy] does not exist
20:48:06.625 [Test worker] INFO org.springframework.test.context.support.AbstractContextLoader - Could not detect default resource locations for test class [com.flashtract.nativapps.flashtract.FlashtractPortalApplicationTests]: no resource found for suffixes {-context.xml, Context.groovy}.
20:48:06.625 [Test worker] INFO org.springframework.test.context.support.AnnotationConfigContextLoaderUtils - Could not detect default configuration classes for test class [com.flashtract.nativapps.flashtract.FlashtractPortalApplicationTests]: FlashtractPortalApplicationTests does not declare any static, non-private, non-final, nested classes annotated with @Configuration.
20:48:06.668 [Test worker] DEBUG org.springframework.test.context.support.ActiveProfilesUtils - Could not find an 'annotation declaring class' for annotation type [org.springframework.test.context.ActiveProfiles] and class [com.flashtract.nativapps.flashtract.FlashtractPortalApplicationTests]
20:48:06.725 [Test worker] DEBUG org.springframework.context.annotation.ClassPathScanningCandidateComponentProvider - Identified candidate component class: file [/Users/danielp/Documents/Dan/dev/flashtract/flashtract/build/classes/java/main/com/flashtract/nativapps/flashtract/FlashtractPortalApplication.class]
20:48:06.730 [Test worker] INFO org.springframework.boot.test.context.SpringBootTestContextBootstrapper - Found @SpringBootConfiguration com.flashtract.nativapps.flashtract.FlashtractPortalApplication for test class com.flashtract.nativapps.flashtract.FlashtractPortalApplicationTests
20:48:06.822 [Test worker] DEBUG org.springframework.boot.test.context.SpringBootTestContextBootstrapper - @TestExecutionListeners is not present for class [com.flashtract.nativapps.flashtract.FlashtractPortalApplicationTests]: using defaults.
20:48:06.822 [Test worker] INFO org.springframework.boot.test.context.SpringBootTestContextBootstrapper - Loaded default TestExecutionListener class names from location [META-INF/spring.factories]: [org.springframework.boot.test.autoconfigure.restdocs.RestDocsTestExecutionListener, org.springframework.boot.test.autoconfigure.web.client.MockRestServiceServerResetTestExecutionListener, org.springframework.boot.test.autoconfigure.web.servlet.MockMvcPrintOnlyOnFailureTestExecutionListener, org.springframework.boot.test.autoconfigure.web.servlet.WebDriverTestExecutionListener, org.springframework.boot.test.autoconfigure.webservices.client.MockWebServiceServerTestExecutionListener, org.springframework.boot.test.mock.mockito.MockitoTestExecutionListener, org.springframework.boot.test.mock.mockito.ResetMocksTestExecutionListener, org.springframework.test.context.web.ServletTestExecutionListener, org.springframework.test.context.support.DirtiesContextBeforeModesTestExecutionListener, org.springframework.test.context.support.DependencyInjectionTestExecutionListener, org.springframework.test.context.support.DirtiesContextTestExecutionListener, org.springframework.test.context.transaction.TransactionalTestExecutionListener, org.springframework.test.context.jdbc.SqlScriptsTestExecutionListener, org.springframework.test.context.event.EventPublishingTestExecutionListener]
20:48:06.837 [Test worker] INFO org.springframework.boot.test.context.SpringBootTestContextBootstrapper - Using TestExecutionListeners: [org.springframework.test.context.web.ServletTestExecutionListener@548d3372, org.springframework.test.context.support.DirtiesContextBeforeModesTestExecutionListener@168c8f10, org.springframework.boot.test.mock.mockito.MockitoTestExecutionListener@5dfbb32d, org.springframework.boot.test.autoconfigure.SpringBootDependencyInjectionTestExecutionListener@58a607ce, org.springframework.test.context.support.DirtiesContextTestExecutionListener@658db90b, org.springframework.test.context.transaction.TransactionalTestExecutionListener@170b4ea5, org.springframework.test.context.jdbc.SqlScriptsTestExecutionListener@17e9f5b2, org.springframework.test.context.event.EventPublishingTestExecutionListener@7f1908f6, org.springframework.boot.test.autoconfigure.restdocs.RestDocsTestExecutionListener@7754b3ff, org.springframework.boot.test.autoconfigure.web.client.MockRestServiceServerResetTestExecutionListener@3a67b5d6, org.springframework.boot.test.autoconfigure.web.servlet.MockMvcPrintOnlyOnFailureTestExecutionListener@62fb834d, org.springframework.boot.test.autoconfigure.web.servlet.WebDriverTestExecutionListener@5592695c, org.springframework.boot.test.autoconfigure.webservices.client.MockWebServiceServerTestExecutionListener@70be35a, org.springframework.boot.test.mock.mockito.ResetMocksTestExecutionListener@452f68]
20:48:06.840 [Test worker] DEBUG org.springframework.test.context.support.AbstractDirtiesContextTestExecutionListener - Before test class: context [DefaultTestContext@3e1f8376 testClass = FlashtractPortalApplicationTests, testInstance = [null], testMethod = [null], testException = [null], mergedContextConfiguration = [WebMergedContextConfiguration@736ea588 testClass = FlashtractPortalApplicationTests, locations = '{}', classes = '{class com.flashtract.nativapps.flashtract.FlashtractPortalApplication}', contextInitializerClasses = '[]', activeProfiles = '{}', propertySourceLocations = '{}', propertySourceProperties = '{org.springframework.boot.test.context.SpringBootTestContextBootstrapper=true}', contextCustomizers = set[org.springframework.boot.test.autoconfigure.actuate.metrics.MetricsExportContextCustomizerFactory$DisableMetricExportContextCustomizer@4ac9751c, org.springframework.boot.test.autoconfigure.properties.PropertyMappingContextCustomizer@0, org.springframework.boot.test.autoconfigure.web.servlet.WebDriverContextCustomizerFactory$Customizer@fda4c5d, org.springframework.boot.test.context.filter.ExcludeFilterContextCustomizer@36a71176, org.springframework.boot.test.json.DuplicateJsonObjectContextCustomizerFactory$DuplicateJsonObjectContextCustomizer@1457e6d4, org.springframework.boot.test.mock.mockito.MockitoContextCustomizer@0, org.springframework.boot.test.web.client.TestRestTemplateContextCustomizer@5010f6d4, org.springframework.boot.test.web.reactive.server.WebTestClientContextCustomizer@1a0e1390, org.springframework.boot.test.context.SpringBootTestArgs@1, org.springframework.boot.test.context.SpringBootTestWebEnvironment@3d106d6a], resourceBasePath = 'src/main/webapp', contextLoader = 'org.springframework.boot.test.context.SpringBootContextLoader', parent = [null]], attributes = map['org.springframework.test.context.web.ServletTestExecutionListener.activateListener' -> true]], class annotated with @DirtiesContext [false] with mode [null].
20:48:06.868 [Test worker] DEBUG org.springframework.test.context.support.TestPropertySourceUtils - Adding inlined properties to environment: {spring.jmx.enabled=false, org.springframework.boot.test.context.SpringBootTestContextBootstrapper=true}

  .   ____          _            __ _ _
 /\\ / ___'_ __ _ _(_)_ __  __ _ \ \ \ \
( ( )\___ | '_ | '_| | '_ \/ _` | \ \ \ \
 \\/  ___)| |_)| | | | | || (_| |  ) ) ) )
  '  |____| .__|_| |_|_| |_\__, | / / / /
 =========|_|==============|___/=/_/_/_/
 :: Spring Boot ::                (v2.4.0)

2020-11-28 20:48:07.334  INFO 81344 --- [    Test worker] c.f.n.f.FlashtractPortalApplicationTests : Starting FlashtractPortalApplicationTests using Java 11.0.9 on danielMac.local with PID 81344 (started by danielp in /Users/danielp/Documents/Dan/dev/flashtract/flashtract)
2020-11-28 20:48:07.337  INFO 81344 --- [    Test worker] c.f.n.f.FlashtractPortalApplicationTests : No active profile set, falling back to default profiles: default
2020-11-28 20:48:07.369 DEBUG 81344 --- [    Test worker] o.s.w.c.s.GenericWebApplicationContext   : Refreshing org.springframework.web.context.support.GenericWebApplicationContext@2f670dea
2020-11-28 20:48:08.373  INFO 81344 --- [    Test worker] .s.d.r.c.RepositoryConfigurationDelegate : Bootstrapping Spring Data JPA repositories in DEFERRED mode.
2020-11-28 20:48:08.434  INFO 81344 --- [    Test worker] .s.d.r.c.RepositoryConfigurationDelegate : Finished Spring Data repository scanning in 54 ms. Found 2 JPA repository interfaces.
2020-11-28 20:48:08.957  INFO 81344 --- [    Test worker] o.s.s.concurrent.ThreadPoolTaskExecutor  : Initializing ExecutorService 'applicationTaskExecutor'
2020-11-28 20:48:08.971  INFO 81344 --- [    Test worker] com.zaxxer.hikari.HikariDataSource       : HikariPool-1 - Starting...
2020-11-28 20:48:09.139  INFO 81344 --- [    Test worker] com.zaxxer.hikari.HikariDataSource       : HikariPool-1 - Start completed.
2020-11-28 20:48:09.220  INFO 81344 --- [         task-1] o.hibernate.jpa.internal.util.LogHelper  : HHH000204: Processing PersistenceUnitInfo [name: default]
2020-11-28 20:48:09.273  INFO 81344 --- [         task-1] org.hibernate.Version                    : HHH000412: Hibernate ORM core version 5.4.23.Final
2020-11-28 20:48:09.412  INFO 81344 --- [         task-1] o.hibernate.annotations.common.Version   : HCANN000001: Hibernate Commons Annotations {5.1.2.Final}
2020-11-28 20:48:09.511  WARN 81344 --- [    Test worker] JpaBaseConfiguration$JpaWebConfiguration : spring.jpa.open-in-view is enabled by default. Therefore, database queries may be performed during view rendering. Explicitly configure spring.jpa.open-in-view to disable this warning
2020-11-28 20:48:09.553  INFO 81344 --- [         task-1] org.hibernate.dialect.Dialect            : HHH000400: Using dialect: org.hibernate.dialect.H2Dialect
2020-11-28 20:48:09.719  INFO 81344 --- [    Test worker] o.s.b.a.h2.H2ConsoleAutoConfiguration    : H2 console available at '/h2-console'. Database available at 'jdbc:h2:mem:testdb'
2020-11-28 20:48:09.783 DEBUG 81344 --- [    Test worker] s.w.s.m.m.a.RequestMappingHandlerMapping : 12 mappings in 'requestMappingHandlerMapping'
2020-11-28 20:48:09.912  INFO 81344 --- [    Test worker] o.s.b.a.e.web.EndpointLinksResolver      : Exposing 2 endpoint(s) beneath base path '/actuator'
2020-11-28 20:48:10.089  INFO 81344 --- [    Test worker] pertySourcedRequestMappingHandlerMapping : Mapped URL path [/v2/api-docs] onto method [springfox.documentation.swagger2.web.Swagger2Controller#getDocumentation(String, HttpServletRequest)]
2020-11-28 20:48:10.246  INFO 81344 --- [         task-1] o.h.e.t.j.p.i.JtaPlatformInitiator       : HHH000490: Using JtaPlatform implementation: [org.hibernate.engine.transaction.jta.platform.internal.NoJtaPlatform]
2020-11-28 20:48:10.255  INFO 81344 --- [         task-1] j.LocalContainerEntityManagerFactoryBean : Initialized JPA EntityManagerFactory for persistence unit 'default'
2020-11-28 20:48:10.345 DEBUG 81344 --- [    Test worker] s.w.s.m.m.a.RequestMappingHandlerAdapter : ControllerAdvice beans: 0 @ModelAttribute, 0 @InitBinder, 1 RequestBodyAdvice, 1 ResponseBodyAdvice
2020-11-28 20:48:10.418 DEBUG 81344 --- [    Test worker] o.s.w.s.handler.SimpleUrlHandlerMapping  : Patterns [/webjars/**, /**] in 'resourceHandlerMapping'
2020-11-28 20:48:10.430 DEBUG 81344 --- [    Test worker] .m.m.a.ExceptionHandlerExceptionResolver : ControllerAdvice beans: 0 @ExceptionHandler, 1 ResponseBodyAdvice
2020-11-28 20:48:10.640  INFO 81344 --- [    Test worker] d.s.w.p.DocumentationPluginsBootstrapper : Context refreshed
2020-11-28 20:48:10.659  INFO 81344 --- [    Test worker] d.s.w.p.DocumentationPluginsBootstrapper : Found 1 custom documentation plugin(s)
2020-11-28 20:48:10.712  INFO 81344 --- [    Test worker] s.d.s.w.s.ApiListingReferenceScanner     : Scanning for api listing references
2020-11-28 20:48:10.862  INFO 81344 --- [    Test worker] .d.s.w.r.o.CachingOperationNameGenerator : Generating unique operation named: handleUsingGET_1
2020-11-28 20:48:10.864  INFO 81344 --- [    Test worker] .d.s.w.r.o.CachingOperationNameGenerator : Generating unique operation named: handleUsingGET_2
2020-11-28 20:48:10.879  INFO 81344 --- [    Test worker] DeferredRepositoryInitializationListener : Triggering deferred initialization of Spring Data repositories…
2020-11-28 20:48:11.283  INFO 81344 --- [    Test worker] DeferredRepositoryInitializationListener : Spring Data repositories initialized!
2020-11-28 20:48:11.298  INFO 81344 --- [    Test worker] c.f.n.f.FlashtractPortalApplicationTests : Started FlashtractPortalApplicationTests in 4.422 seconds (JVM running for 5.549)
]]></system-out>
  <system-err><![CDATA[]]></system-err>
</testsuite>
