<?xml version="1.0" encoding="UTF-8"?>
<testsuite name="com.flashtract.modules.invoice.dataprovider.jpa.InvoiceJPADataProvaiderTest" tests="2" skipped="0" failures="0" errors="0" timestamp="2020-12-02T20:14:12" hostname="danielMac.local" time="0.142">
  <properties/>
  <testcase name="getInvoiceByInvoiceNumberTestException()" classname="com.flashtract.modules.invoice.dataprovider.jpa.InvoiceJPADataProvaiderTest" time="0.135"/>
  <testcase name="getInvoiceByInvoiceNumberTest()" classname="com.flashtract.modules.invoice.dataprovider.jpa.InvoiceJPADataProvaiderTest" time="0.006"/>
  <system-out><![CDATA[2020-12-02 15:14:12.795 ERROR 16332 --- [    Test worker] c.f.m.i.d.jpa.InvoiceJPADataProvaider    : data-provider: There was an error searching for invoice
]]></system-out>
  <system-err><![CDATA[]]></system-err>
</testsuite>
